<?xml version="1.0" encoding="UTF-8"?>
<testng-results ignored="0" total="1" passed="1" failed="0" skipped="0">
  <reporter-output>
    <line>
      <![CDATA[Testcase is pass]]>
    </line>
    <line>
      <![CDATA[Testcase is pass]]>
    </line>
    <line>
      <![CDATA[Testcase is pass]]>
    </line>
    <line>
      <![CDATA[Testcase is fail]]>
    </line>
    <line>
      <![CDATA[Testcase is pass]]>
    </line>
    <line>
      <![CDATA[Testcase is pass]]>
    </line>
    <line>
      <![CDATA[Testcase is pass]]>
    </line>
    <line>
      <![CDATA[Testcase is pass]]>
    </line>
    <line>
      <![CDATA[Testcase is pass]]>
    </line>
  </reporter-output>
  <suite started-at="2024-11-25T10:48:32 IST" name="Surefire suite" finished-at="2024-11-25T10:48:32 IST" duration-ms="96">
    <groups>
    </groups>
    <test started-at="2024-11-25T10:48:32 IST" name="Surefire test" finished-at="2024-11-25T10:48:32 IST" duration-ms="96">
      <class name="Package1.Ecommerce_Project1.AppTest">
        <test-method signature="shouldAnswerWithTrue()" started-at="2024-11-25T10:48:32 IST" name="shouldAnswerWithTrue" finished-at="2024-11-25T10:48:32 IST" duration-ms="17" status="PASS">
          <reporter-output>
          </reporter-output>
        </test-method> <!-- shouldAnswerWithTrue -->
      </class> <!-- Package1.Ecommerce_Project1.AppTest -->
    </test> <!-- Surefire test -->
  </suite> <!-- Surefire suite -->
</testng-results>
