<?xml version="1.0" encoding="UTF-8"?>
<testng-results ignored="0" total="1" passed="1" failed="0" skipped="0">
  <reporter-output>
    <line>
      <![CDATA[Testcase is pass]]>
    </line>
  </reporter-output>
  <suite started-at="2024-12-11T16:09:24 IST" name="Default suite" finished-at="2024-12-11T16:09:44 IST" duration-ms="20523">
    <groups>
    </groups>
    <test started-at="2024-12-11T16:09:24 IST" name="Default test" finished-at="2024-12-11T16:09:44 IST" duration-ms="20523">
      <class name="project_Amazontest.Testcase4_edit_profile_information">
        <test-method is-config="true" signature="launch_amazon()[pri:0, instance:project_Amazontest.Testcase4_edit_profile_information@59505b48]" started-at="2024-12-11T16:09:24 IST" name="launch_amazon" finished-at="2024-12-11T16:09:30 IST" duration-ms="6448" status="PASS">
          <reporter-output>
          </reporter-output>
        </test-method> <!-- launch_amazon -->
        <test-method signature="Addnewaddress()[pri:0, instance:project_Amazontest.Testcase4_edit_profile_information@59505b48]" started-at="2024-12-11T16:09:30 IST" name="Addnewaddress" finished-at="2024-12-11T16:09:43 IST" duration-ms="12511" status="PASS">
          <reporter-output>
            <line>
              <![CDATA[Testcase is pass]]>
            </line>
          </reporter-output>
        </test-method> <!-- Addnewaddress -->
        <test-method is-config="true" signature="quit()[pri:0, instance:project_Amazontest.Testcase4_edit_profile_information@59505b48]" started-at="2024-12-11T16:09:43 IST" name="quit" finished-at="2024-12-11T16:09:44 IST" duration-ms="1369" status="PASS">
          <reporter-output>
          </reporter-output>
        </test-method> <!-- quit -->
      </class> <!-- project_Amazontest.Testcase4_edit_profile_information -->
    </test> <!-- Default test -->
  </suite> <!-- Default suite -->
</testng-results>
